<?xml version="1.0" encoding="UTF-8"?>
<testng-results ignored="0" total="2" passed="2" failed="0" skipped="0">
  <reporter-output>
  </reporter-output>
  <suite started-at="2025-06-22T23:04:24 IST" name="Suite" finished-at="2025-06-22T23:04:45 IST" duration-ms="21357">
    <groups>
    </groups>
    <test started-at="2025-06-22T23:04:24 IST" name="Test" finished-at="2025-06-22T23:04:45 IST" duration-ms="21357">
      <class name="tests.LoginTest">
        <test-method is-config="true" signature="setup()[pri:0, instance:tests.LoginTest@17a87e37]" started-at="2025-06-22T23:04:24 IST" name="setup" finished-at="2025-06-22T23:04:39 IST" duration-ms="15709" status="PASS">
          <reporter-output>
          </reporter-output>
        </test-method> <!-- setup -->
        <test-method signature="testLogin()[pri:0, instance:tests.LoginTest@17a87e37]" started-at="2025-06-22T23:04:39 IST" name="testLogin" finished-at="2025-06-22T23:04:43 IST" duration-ms="3479" status="PASS">
          <reporter-output>
          </reporter-output>
        </test-method> <!-- testLogin -->
        <test-method signature="testLogin2()[pri:0, instance:tests.LoginTest@17a87e37]" started-at="2025-06-22T23:04:43 IST" name="testLogin2" finished-at="2025-06-22T23:04:43 IST" duration-ms="440" status="PASS">
          <reporter-output>
          </reporter-output>
        </test-method> <!-- testLogin2 -->
        <test-method is-config="true" signature="tearDown()[pri:0, instance:tests.LoginTest@17a87e37]" started-at="2025-06-22T23:04:43 IST" name="tearDown" finished-at="2025-06-22T23:04:45 IST" duration-ms="1618" status="PASS">
          <reporter-output>
          </reporter-output>
        </test-method> <!-- tearDown -->
      </class> <!-- tests.LoginTest -->
    </test> <!-- Test -->
  </suite> <!-- Suite -->
</testng-results>
